{
    "tests": [
        {
            "rubric_item_id": 5578,
            "traceback": "Traceback (most recent call last):\n  File \"/home/grader/first_neural_network/workspace/my_answers.py\", line 105, in backpropagation\n    delta_weights_h_o += learning_rate * np.dot(hidden_outputs.T, output_error_term)\nValueError: shapes (2,) and (1,) not aligned: 2 (dim 0) != 1 (dim 0)\n",
            "result": "E",
            "description": "The backpropagation implementation is correct"
        },
        {
            "rubric_item_id": 5572,
            "traceback": "ValueError: operands could not be broadcast together with shapes (2,2) (3,1) \n",
            "result": "E",
            "description": "The forward pass implementation is correct"
        },
        {
            "rubric_item_id": 7965,
            "traceback": "AttributeError: 'tuple' object has no attribute 'T'\n",
            "result": "E",
            "description": "Produces good results when running the network on full data"
        },
        {
            "rubric_item_id": 5573,
            "traceback": "ValueError: could not broadcast input array from shape (2) into shape (1)\n",
            "result": "E",
            "description": "The run method is correct"
        },
        {
            "rubric_item_id": 5581,
            "traceback": "AssertionError: False is not true\n",
            "result": "F",
            "description": "The number of hidden nodes is reasonable"
        },
        {
            "rubric_item_id": 5582,
            "traceback": "AssertionError: False is not true\n",
            "result": "F",
            "description": "The learning_rate is reasonable"
        },
        {
            "rubric_item_id": 5570,
            "traceback": "AssertionError: False is not true\n",
            "result": "F",
            "description": "The weights are updated correctly on training"
        },
        {
            "rubric_item_id": 5580,
            "traceback": "AssertionError: False is not true\n",
            "result": "F",
            "description": "The update_weights implementation is correct"
        },
        {
            "rubric_item_id": 5574,
            "traceback": "",
            "result": ".",
            "description": "The activation function is a sigmoid"
        },
        {
            "rubric_item_id": 5575,
            "traceback": "",
            "result": ".",
            "description": "The number of epochs is reasonable"
        },
        {
            "rubric_item_id": 7964,
            "traceback": "",
            "result": ".",
            "description": "The number of output nodes is correct"
        }
    ],
    "critiques": {
        "700": {
            "general_comment": null,
            "rubric_items": {
                "5570": {
                    "autograded": false,
                    "result": "failed",
                    "observation": "```\nNot all of the tests passed.\n\n\n************************************************************************\n                         Test Failure Feedback                          \n************************************************************************\n\nFailed Test: The weights are updated correctly on training\n----------------------------------------------------------------------\nAssertionError: False is not true\n\n\n************************************************************************\n                          Test Result Summary                           \n************************************************************************\n\nThe weights are updated correctly on training                          F\n\n\n```"
                },
                "5572": {
                    "autograded": false,
                    "result": "failed",
                    "observation": "```\nNot all of the tests passed.\n\n\n************************************************************************\n                         Test Failure Feedback                          \n************************************************************************\n\nFailed Test: The forward pass implementation is correct\n----------------------------------------------------------------------\nValueError: operands could not be broadcast together with shapes (2,2) (3,1) \n\n\n************************************************************************\n                          Test Result Summary                           \n************************************************************************\n\nThe forward pass implementation is correct                             E\n\n\n```"
                },
                "5573": {
                    "autograded": false,
                    "result": "failed",
                    "observation": "```\nNot all of the tests passed.\n\n\n************************************************************************\n                         Test Failure Feedback                          \n************************************************************************\n\nFailed Test: The run method is correct\n----------------------------------------------------------------------\nValueError: could not broadcast input array from shape (2) into shape (1)\n\n\n************************************************************************\n                          Test Result Summary                           \n************************************************************************\n\nThe run method is correct                                              E\n\n\n```"
                },
                "5574": {
                    "autograded": false,
                    "result": "passed",
                    "observation": "Correct!"
                },
                "5575": {
                    "autograded": false,
                    "result": "passed",
                    "observation": "Correct!"
                },
                "5578": {
                    "autograded": false,
                    "result": "failed",
                    "observation": "```\nNot all of the tests passed.\n\n\n************************************************************************\n                         Test Failure Feedback                          \n************************************************************************\n\nFailed Test: The backpropagation implementation is correct\n----------------------------------------------------------------------\nTraceback (most recent call last):\n  File \"/home/grader/first_neural_network/workspace/my_answers.py\", line 105, in backpropagation\n    delta_weights_h_o += learning_rate * np.dot(hidden_outputs.T, output_error_term)\nValueError: shapes (2,) and (1,) not aligned: 2 (dim 0) != 1 (dim 0)\n\n\n************************************************************************\n                          Test Result Summary                           \n************************************************************************\n\nThe backpropagation implementation is correct                          E\n\n\n```"
                },
                "5580": {
                    "autograded": false,
                    "result": "failed",
                    "observation": "```\nNot all of the tests passed.\n\n\n************************************************************************\n                         Test Failure Feedback                          \n************************************************************************\n\nFailed Test: The update_weights implementation is correct\n----------------------------------------------------------------------\nAssertionError: False is not true\n\n\n************************************************************************\n                          Test Result Summary                           \n************************************************************************\n\nThe update_weights implementation is correct                           F\n\n\n```"
                },
                "5581": {
                    "autograded": false,
                    "result": "failed",
                    "observation": "```\nNot all of the tests passed.\n\n\n************************************************************************\n                         Test Failure Feedback                          \n************************************************************************\n\nFailed Test: The number of hidden nodes is reasonable\n----------------------------------------------------------------------\nAssertionError: False is not true\n\n\n************************************************************************\n                          Test Result Summary                           \n************************************************************************\n\nThe number of hidden nodes is reasonable                               F\n\n\n```"
                },
                "5582": {
                    "autograded": false,
                    "result": "failed",
                    "observation": "```\nNot all of the tests passed.\n\n\n************************************************************************\n                         Test Failure Feedback                          \n************************************************************************\n\nFailed Test: The learning_rate is reasonable\n----------------------------------------------------------------------\nAssertionError: False is not true\n\n\n************************************************************************\n                          Test Result Summary                           \n************************************************************************\n\nThe learning_rate is reasonable                                        F\n\n\n```"
                },
                "7964": {
                    "autograded": false,
                    "result": "passed",
                    "observation": "Correct!"
                },
                "7965": {
                    "autograded": false,
                    "result": "failed",
                    "observation": "```\nNot all of the tests passed.\n\n\n************************************************************************\n                         Test Failure Feedback                          \n************************************************************************\n\nFailed Test: Produces good results when running the network on full data\n----------------------------------------------------------------------\nAttributeError: 'tuple' object has no attribute 'T'\n\n\n************************************************************************\n                          Test Result Summary                           \n************************************************************************\n\nProduces good results when running the network on full data            E\n\n\n```"
                }
            }
        }
    }
}